<?xml version="1.0" encoding="UTF-8"?>
<testng-results skipped="0" failed="0" total="1" passed="1">
  <reporter-output>
  </reporter-output>
  <suite name="Default suite" duration-ms="21748" started-at="2019-10-11T08:31:38Z" finished-at="2019-10-11T08:32:00Z">
    <groups>
    </groups>
    <test name="Default test" duration-ms="21748" started-at="2019-10-11T08:31:38Z" finished-at="2019-10-11T08:32:00Z">
      <class name="Automationtest.phptravles.Testcase3hs">
        <test-method status="PASS" signature="hsmethod()[pri:0, instance:Automationtest.phptravles.Testcase3hs@6093dd95]" name="hsmethod" duration-ms="21715" started-at="2019-10-11T14:01:38Z" finished-at="2019-10-11T14:02:00Z">
          <reporter-output>
          </reporter-output>
        </test-method> <!-- hsmethod -->
      </class> <!-- Automationtest.phptravles.Testcase3hs -->
    </test> <!-- Default test -->
  </suite> <!-- Default suite -->
</testng-results>
